<?xml version="1.0" encoding="UTF-8"?>
<testsuite xmlns:xsi="http://www.w3.org/2001/XMLSchema-instance" xsi:noNamespaceSchemaLocation="https://maven.apache.org/surefire/maven-surefire-plugin/xsd/surefire-test-report.xsd" version="3.0.2" name="com.cumulare.clinical.acquisition.ApplicationTests" time="3.192" tests="1" errors="0" skipped="0" failures="0">
  <properties>
[...]
</properties>
  <testcase name="contextLoads" classname="com.cumulare.clinical.acquisition.ApplicationTests" time="0.897">
    <system-out><![CDATA[10:04:01.119 [main] INFO org.springframework.test.context.support.AnnotationConfigContextLoaderUtils -- Could not detect default configuration classes for test class [com.cumulare.clinical.acquisition.ApplicationTests]: ApplicationTests does not declare any static, non-private, non-final, nested classes annotated with @Configuration.
10:04:01.222 [main] INFO org.springframework.boot.test.context.SpringBootTestContextBootstrapper -- Found @SpringBootConfiguration com.cumulare.clinical.acquisition.Application for test class com.cumulare.clinical.acquisition.ApplicationTests

  .   ____          _            __ _ _
 /\\ / ___'_ __ _ _(_)_ __  __ _ \ \ \ \
( ( )\___ | '_ | '_| | '_ \/ _` | \ \ \ \
 \\/  ___)| |_)| | | | | || (_| |  ) ) ) )
  '  |____| .__|_| |_|_| |_\__, | / / / /
 =========|_|==============|___/=/_/_/_/

 :: Spring Boot ::                (v3.4.0)

2024-12-02T10:04:01.638-05:00  INFO 50418 --- [Clinical-Acquisition] [           main] c.c.c.acquisition.ApplicationTests       : Starting ApplicationTests using Java 21.0.5 with PID 50418 (started by spacious in /Users/spacious/Documents/cumulare/clinical-aquisition)
2024-12-02T10:04:01.639-05:00  INFO 50418 --- [Clinical-Acquisition] [           main] c.c.c.acquisition.ApplicationTests       : No active profile set, falling back to 1 default profile: "default"
2024-12-02T10:04:03.112-05:00  INFO 50418 --- [Clinical-Acquisition] [           main] o.s.b.a.e.web.EndpointLinksResolver      : Exposing 1 endpoint beneath base path '/actuator'
2024-12-02T10:04:03.163-05:00  INFO 50418 --- [Clinical-Acquisition] [           main] c.c.c.acquisition.ApplicationTests       : Started ApplicationTests in 1.816 seconds (process running for 2.773)
]]></system-out>
    <system-err><![CDATA[Mockito is currently self-attaching to enable the inline-mock-maker. This will no longer work in future releases of the JDK. Please add Mockito as an agent to your build what is described in Mockito's documentation: https://javadoc.io/doc/org.mockito/mockito-core/latest/org/mockito/Mockito.html#0.3
WARNING: A Java agent has been loaded dynamically (/Users/spacious/.m2/repository/net/bytebuddy/byte-buddy-agent/1.15.10/byte-buddy-agent-1.15.10.jar)
WARNING: If a serviceability tool is in use, please run with -XX:+EnableDynamicAgentLoading to hide this warning
WARNING: If a serviceability tool is not in use, please run with -Djdk.instrument.traceUsage for more information
WARNING: Dynamic loading of agents will be disallowed by default in a future release
]]></system-err>
  </testcase>
</testsuite>